<?xml version="1.0" encoding="UTF-8"?>
<!-- Generated by org.testng.reporters.JUnitReportReporter -->
<testsuite hostname="Lenovo-PC" failures="0" tests="1" name="demonew.report" time="8.913" errors="0" timestamp="2020-09-10T19:16:44 IST" skipped="0">
  <testcase classname="demonew.report" name="f" time="8.913"/>
</testsuite> <!-- demonew.report -->
