<?xml version="1.0" encoding="UTF-8"?>
<!-- Generated by org.testng.reporters.JUnitReportReporter -->
<testsuite hostname="Lenovo-PC" failures="0" tests="1" name="objectrepoistory.QAsite" time="59.282" errors="0" timestamp="2019-12-19T12:21:43 IST" skipped="0">
  <testcase classname="objectrepoistory.QAsite" name="login" time="59.282"/>
</testsuite> <!-- objectrepoistory.QAsite -->
