<?xml version="1.0" encoding="UTF-8"?>
<!-- Generated by org.testng.reporters.JUnitReportReporter -->
<testsuite hostname="Lenovo-PC" failures="0" tests="3" name="demonew.NewTest1" time="0.028" errors="0" timestamp="2019-12-13T11:28:42 IST" skipped="3">
  <testcase classname="demonew.NewTest1" name="testCaseConditionalSkipException" time="0.026">
    <skipped/>
  </testcase> <!-- testCaseConditionalSkipException -->
  <testcase classname="demonew.NewTest1" name="testCaseSkipException" time="0.002">
    <skipped/>
  </testcase> <!-- testCaseSkipException -->
  <testcase classname="demonew.NewTest1" name="testCaseEnabling">
    <skipped/>
  </testcase> <!-- testCaseEnabling -->
</testsuite> <!-- demonew.NewTest1 -->
