<?xml version="1.0" encoding="UTF-8"?>
<!-- Generated by org.testng.reporters.JUnitReportReporter -->
<testsuite hostname="Lenovo-PC" failures="0" tests="1" name="demonew.setup_and_teardown" time="0.012" errors="0" timestamp="2020-09-10T19:28:14 IST" skipped="0">
  <testcase classname="demonew.setup_and_teardown" name="f" time="0.012"/>
</testsuite> <!-- demonew.setup_and_teardown -->
