<?xml version="1.0" encoding="UTF-8"?>
<!-- Generated by org.testng.reporters.JUnitReportReporter -->
<testsuite hostname="Lenovo-PC" failures="0" tests="1" name="demonew.skipcondition" time="40.079" errors="0" timestamp="2020-09-02T19:21:58 IST" skipped="0">
  <testcase classname="demonew.skipcondition" name="testCaseConditionalSkipException" time="40.079"/>
</testsuite> <!-- demonew.skipcondition -->
