<?xml version="1.0" encoding="UTF-8"?>
<!-- Generated by org.testng.reporters.JUnitReportReporter -->
<testsuite hostname="Lenovo-PC" failures="0" tests="1" name="Testcaseexecution.NewTest" time="24.618" errors="0" timestamp="2019-12-19T16:35:34 IST" skipped="0">
  <testcase classname="Testcaseexecution.NewTest" name="test_Home_Page_Appear_Correct" time="24.618"/>
</testsuite> <!-- Testcaseexecution.NewTest -->
