<?xml version="1.0" encoding="UTF-8"?>
<!-- Generated by org.testng.reporters.JUnitReportReporter -->
<testsuite hostname="Lenovo-PC" failures="0" tests="1" name="demonew.testscript" time="27.046" errors="0" timestamp="2019-11-19T19:51:10 IST" skipped="0">
  <testcase classname="demonew.testscript" name="first" time="27.046"/>
</testsuite> <!-- demonew.testscript -->
