<?xml version="1.0" encoding="UTF-8"?>
<!-- Generated by org.testng.reporters.JUnitReportReporter -->
<testsuite hostname="Lenovo-PC" failures="0" tests="1" name="objectrepoistory.demoOR" time="24.707" errors="0" timestamp="2019-12-18T15:24:33 IST" skipped="0">
  <testcase classname="objectrepoistory.demoOR" name="testgmail" time="24.707"/>
</testsuite> <!-- objectrepoistory.demoOR -->
