<?xml version="1.0" encoding="UTF-8"?>
<!-- Generated by org.testng.reporters.JUnitReportReporter -->
<testsuite hostname="Lenovo-PC" failures="0" tests="1" name="Testcaseexecution.NewTestbypagefactory" time="24.327" errors="0" timestamp="2019-12-20T13:01:28 IST" skipped="0">
  <testcase classname="Testcaseexecution.NewTestbypagefactory" name="test_Home_Page_Appear_Correct" time="24.327"/>
</testsuite> <!-- Testcaseexecution.NewTestbypagefactory -->
