<?xml version="1.0" encoding="UTF-8"?>
<!-- Generated by org.testng.reporters.JUnitReportReporter -->
<testsuite hostname="Lenovo-PC" failures="0" tests="1" name="demonew.Conditionalskip" time="219.569" errors="0" timestamp="2019-12-13T10:42:24 IST" skipped="0">
  <testcase classname="demonew.Conditionalskip" name="f" time="219.569"/>
</testsuite> <!-- demonew.Conditionalskip -->
